{"[LEVEL]":"INFO","[TIME]":"2023-12-12T14:25:06.063+0400","[LINE]":"agent/agent.go:40","[CALLER]":"parsingWB/internal/agent.(*Agent).Run","[MESSAGE]":"MSSQL connected: avs"}
{"[LEVEL]":"DEBUG","[TIME]":"2023-12-12T14:25:41.262+0400","[LINE]":"api/product.go:209","[CALLER]":"parsingWB/internal/api.(*ProductService).ParsePage","[MESSAGE]":"Can't find another seler"}
{"[LEVEL]":"INFO","[TIME]":"2023-12-12T14:25:46.411+0400","[LINE]":"agent/agent.go:71","[CALLER]":"parsingWB/internal/agent.(*Agent).Run","[MESSAGE]":"{\"NmID\":23476257,\"Name\":\"Крем для кожи вокруг глаз Hyaluron, 15 мл\",\"Price\":1070,\"SellerPrice\":[{\"Saller\":\"AMANDI\",\"Price\":2259},{\"Saller\":\"Моне\",\"Price\":2343}]}"}
{"[LEVEL]":"DEBUG","[TIME]":"2023-12-12T14:25:51.366+0400","[LINE]":"api/product.go:209","[CALLER]":"parsingWB/internal/api.(*ProductService).ParsePage","[MESSAGE]":"Can't find another seler"}
{"[LEVEL]":"DEBUG","[TIME]":"2023-12-12T14:25:56.358+0400","[LINE]":"api/product.go:209","[CALLER]":"parsingWB/internal/api.(*ProductService).ParsePage","[MESSAGE]":"Can't find another seler"}
{"[LEVEL]":"DEBUG","[TIME]":"2023-12-12T14:26:01.397+0400","[LINE]":"api/product.go:209","[CALLER]":"parsingWB/internal/api.(*ProductService).ParsePage","[MESSAGE]":"Can't find another seler"}
{"[LEVEL]":"DEBUG","[TIME]":"2023-12-12T14:26:06.394+0400","[LINE]":"api/product.go:209","[CALLER]":"parsingWB/internal/api.(*ProductService).ParsePage","[MESSAGE]":"Can't find another seler"}
{"[LEVEL]":"DEBUG","[TIME]":"2023-12-12T14:26:11.409+0400","[LINE]":"api/product.go:209","[CALLER]":"parsingWB/internal/api.(*ProductService).ParsePage","[MESSAGE]":"Can't find another seler"}
{"[LEVEL]":"DEBUG","[TIME]":"2023-12-12T14:26:16.449+0400","[LINE]":"api/product.go:209","[CALLER]":"parsingWB/internal/api.(*ProductService).ParsePage","[MESSAGE]":"Can't find another seler"}
{"[LEVEL]":"DEBUG","[TIME]":"2023-12-12T14:26:21.444+0400","[LINE]":"api/product.go:209","[CALLER]":"parsingWB/internal/api.(*ProductService).ParsePage","[MESSAGE]":"Can't find another seler"}
{"[LEVEL]":"DEBUG","[TIME]":"2023-12-12T14:26:26.492+0400","[LINE]":"api/product.go:209","[CALLER]":"parsingWB/internal/api.(*ProductService).ParsePage","[MESSAGE]":"Can't find another seler"}
{"[LEVEL]":"DEBUG","[TIME]":"2023-12-12T14:26:31.512+0400","[LINE]":"api/product.go:209","[CALLER]":"parsingWB/internal/api.(*ProductService).ParsePage","[MESSAGE]":"Can't find another seler"}
{"[LEVEL]":"DEBUG","[TIME]":"2023-12-12T14:26:36.509+0400","[LINE]":"api/product.go:209","[CALLER]":"parsingWB/internal/api.(*ProductService).ParsePage","[MESSAGE]":"Can't find another seler"}
{"[LEVEL]":"DEBUG","[TIME]":"2023-12-12T14:26:41.772+0400","[LINE]":"api/product.go:209","[CALLER]":"parsingWB/internal/api.(*ProductService).ParsePage","[MESSAGE]":"Can't find another seler"}
{"[LEVEL]":"DEBUG","[TIME]":"2023-12-12T14:26:46.782+0400","[LINE]":"api/product.go:209","[CALLER]":"parsingWB/internal/api.(*ProductService).ParsePage","[MESSAGE]":"Can't find another seler"}
{"[LEVEL]":"DEBUG","[TIME]":"2023-12-12T14:26:51.764+0400","[LINE]":"api/product.go:209","[CALLER]":"parsingWB/internal/api.(*ProductService).ParsePage","[MESSAGE]":"Can't find another seler"}
{"[LEVEL]":"INFO","[TIME]":"2023-12-12T14:26:56.933+0400","[LINE]":"agent/agent.go:71","[CALLER]":"parsingWB/internal/agent.(*Agent).Run","[MESSAGE]":"{\"NmID\":23476862,\"Name\":\"Гель для кожи вокруг глаз Oliven, 15 мл\",\"Price\":889,\"SellerPrice\":[{\"Saller\":\"ПРОАПТЕКА / ВСЕ ДЛЯ ВАШЕГО ЗДОРОВЬЯ!\",\"Price\":1296},{\"Saller\":\"ДИСКОНТ-ЦЕНТР\",\"Price\":1551},{\"Saller\":\"Большой Универсальный Магазин\",\"Price\":1551}]}"}
{"[LEVEL]":"DEBUG","[TIME]":"2023-12-12T14:27:01.909+0400","[LINE]":"api/product.go:209","[CALLER]":"parsingWB/internal/api.(*ProductService).ParsePage","[MESSAGE]":"Can't find another seler"}
{"[LEVEL]":"DEBUG","[TIME]":"2023-12-12T14:27:06.939+0400","[LINE]":"api/product.go:209","[CALLER]":"parsingWB/internal/api.(*ProductService).ParsePage","[MESSAGE]":"Can't find another seler"}
{"[LEVEL]":"DEBUG","[TIME]":"2023-12-12T14:27:11.972+0400","[LINE]":"api/product.go:209","[CALLER]":"parsingWB/internal/api.(*ProductService).ParsePage","[MESSAGE]":"Can't find another seler"}
{"[LEVEL]":"DEBUG","[TIME]":"2023-12-12T14:27:17.025+0400","[LINE]":"api/product.go:209","[CALLER]":"parsingWB/internal/api.(*ProductService).ParsePage","[MESSAGE]":"Can't find another seler"}
{"[LEVEL]":"DEBUG","[TIME]":"2023-12-12T14:27:22.033+0400","[LINE]":"api/product.go:209","[CALLER]":"parsingWB/internal/api.(*ProductService).ParsePage","[MESSAGE]":"Can't find another seler"}
{"[LEVEL]":"INFO","[TIME]":"2023-12-12T14:27:27.150+0400","[LINE]":"agent/agent.go:71","[CALLER]":"parsingWB/internal/agent.(*Agent).Run","[MESSAGE]":"{\"NmID\":140982938,\"Name\":\"Extra soft, желтый цвет\",\"Price\":226,\"SellerPrice\":[{\"Saller\":\"ПРОАПТЕКА / ВСЕ ДЛЯ ВАШЕГО ЗДОРОВЬЯ!\",\"Price\":380}]}"}
{"[LEVEL]":"DEBUG","[TIME]":"2023-12-12T14:27:32.096+0400","[LINE]":"api/product.go:209","[CALLER]":"parsingWB/internal/api.(*ProductService).ParsePage","[MESSAGE]":"Can't find another seler"}
{"[LEVEL]":"DEBUG","[TIME]":"2023-12-12T14:27:37.092+0400","[LINE]":"api/product.go:209","[CALLER]":"parsingWB/internal/api.(*ProductService).ParsePage","[MESSAGE]":"Can't find another seler"}
{"[LEVEL]":"DEBUG","[TIME]":"2023-12-12T14:27:42.087+0400","[LINE]":"api/product.go:209","[CALLER]":"parsingWB/internal/api.(*ProductService).ParsePage","[MESSAGE]":"Can't find another seler"}
{"[LEVEL]":"DEBUG","[TIME]":"2023-12-12T14:27:47.128+0400","[LINE]":"api/product.go:209","[CALLER]":"parsingWB/internal/api.(*ProductService).ParsePage","[MESSAGE]":"Can't find another seler"}
{"[LEVEL]":"DEBUG","[TIME]":"2023-12-12T14:27:52.119+0400","[LINE]":"api/product.go:209","[CALLER]":"parsingWB/internal/api.(*ProductService).ParsePage","[MESSAGE]":"Can't find another seler"}
{"[LEVEL]":"DEBUG","[TIME]":"2023-12-12T14:27:57.153+0400","[LINE]":"api/product.go:209","[CALLER]":"parsingWB/internal/api.(*ProductService).ParsePage","[MESSAGE]":"Can't find another seler"}
{"[LEVEL]":"DEBUG","[TIME]":"2023-12-12T14:28:02.401+0400","[LINE]":"api/product.go:209","[CALLER]":"parsingWB/internal/api.(*ProductService).ParsePage","[MESSAGE]":"Can't find another seler"}
{"[LEVEL]":"DEBUG","[TIME]":"2023-12-12T14:28:07.390+0400","[LINE]":"api/product.go:209","[CALLER]":"parsingWB/internal/api.(*ProductService).ParsePage","[MESSAGE]":"Can't find another seler"}
{"[LEVEL]":"ERROR","[TIME]":"2023-12-12T14:28:07.438+0400","[LINE]":"api/product.go:101","[CALLER]":"parsingWB/internal/api.(*ProductService).PostPagination","[MESSAGE]":"Can't do http request%!(EXTRA string=POST https://suppliers-api.wildberries.ru/content/v1/cards/cursor/list giving up after 1 attempt(s): context canceled)"}
{"[LEVEL]":"ERROR","[TIME]":"2023-12-12T14:28:07.438+0400","[LINE]":"agent/agent.go:60","[CALLER]":"parsingWB/internal/agent.(*Agent).Run","[MESSAGE]":"Error post query"}
{"[LEVEL]":"INFO","[TIME]":"2023-12-12T14:54:12.790+0400","[LINE]":"agent/agent.go:40","[CALLER]":"parsingWB/internal/agent.(*Agent).Run","[MESSAGE]":"MSSQL connected: avs"}
{"[LEVEL]":"DEBUG","[TIME]":"2023-12-12T14:54:51.349+0400","[LINE]":"api/product.go:209","[CALLER]":"parsingWB/internal/api.(*ProductService).ParsePage","[MESSAGE]":"Can't find another seler"}
{"[LEVEL]":"INFO","[TIME]":"2023-12-12T14:54:56.525+0400","[LINE]":"agent/agent.go:71","[CALLER]":"parsingWB/internal/agent.(*Agent).Run","[MESSAGE]":"{\"NmID\":23476257,\"Name\":\"Крем для кожи вокруг глаз Hyaluron, 15 мл\",\"Price\":1070,\"SellerPrice\":[{\"Saller\":\"AMANDI\",\"Price\":2259},{\"Saller\":\"Моне\",\"Price\":2343}]}"}
{"[LEVEL]":"DEBUG","[TIME]":"2023-12-12T14:55:01.526+0400","[LINE]":"api/product.go:209","[CALLER]":"parsingWB/internal/api.(*ProductService).ParsePage","[MESSAGE]":"Can't find another seler"}
{"[LEVEL]":"DEBUG","[TIME]":"2023-12-12T14:55:06.571+0400","[LINE]":"api/product.go:209","[CALLER]":"parsingWB/internal/api.(*ProductService).ParsePage","[MESSAGE]":"Can't find another seler"}
{"[LEVEL]":"DEBUG","[TIME]":"2023-12-12T14:55:11.584+0400","[LINE]":"api/product.go:209","[CALLER]":"parsingWB/internal/api.(*ProductService).ParsePage","[MESSAGE]":"Can't find another seler"}
{"[LEVEL]":"DEBUG","[TIME]":"2023-12-12T14:55:16.612+0400","[LINE]":"api/product.go:209","[CALLER]":"parsingWB/internal/api.(*ProductService).ParsePage","[MESSAGE]":"Can't find another seler"}
{"[LEVEL]":"DEBUG","[TIME]":"2023-12-12T14:55:21.682+0400","[LINE]":"api/product.go:209","[CALLER]":"parsingWB/internal/api.(*ProductService).ParsePage","[MESSAGE]":"Can't find another seler"}
{"[LEVEL]":"DEBUG","[TIME]":"2023-12-12T14:55:26.727+0400","[LINE]":"api/product.go:209","[CALLER]":"parsingWB/internal/api.(*ProductService).ParsePage","[MESSAGE]":"Can't find another seler"}
{"[LEVEL]":"DEBUG","[TIME]":"2023-12-12T14:55:31.719+0400","[LINE]":"api/product.go:209","[CALLER]":"parsingWB/internal/api.(*ProductService).ParsePage","[MESSAGE]":"Can't find another seler"}
{"[LEVEL]":"DEBUG","[TIME]":"2023-12-12T14:55:36.707+0400","[LINE]":"api/product.go:209","[CALLER]":"parsingWB/internal/api.(*ProductService).ParsePage","[MESSAGE]":"Can't find another seler"}
{"[LEVEL]":"DEBUG","[TIME]":"2023-12-12T14:55:41.703+0400","[LINE]":"api/product.go:209","[CALLER]":"parsingWB/internal/api.(*ProductService).ParsePage","[MESSAGE]":"Can't find another seler"}
{"[LEVEL]":"DEBUG","[TIME]":"2023-12-12T14:55:46.704+0400","[LINE]":"api/product.go:209","[CALLER]":"parsingWB/internal/api.(*ProductService).ParsePage","[MESSAGE]":"Can't find another seler"}
{"[LEVEL]":"DEBUG","[TIME]":"2023-12-12T14:55:51.743+0400","[LINE]":"api/product.go:209","[CALLER]":"parsingWB/internal/api.(*ProductService).ParsePage","[MESSAGE]":"Can't find another seler"}
{"[LEVEL]":"DEBUG","[TIME]":"2023-12-12T14:55:56.778+0400","[LINE]":"api/product.go:209","[CALLER]":"parsingWB/internal/api.(*ProductService).ParsePage","[MESSAGE]":"Can't find another seler"}
{"[LEVEL]":"DEBUG","[TIME]":"2023-12-12T14:56:01.739+0400","[LINE]":"api/product.go:209","[CALLER]":"parsingWB/internal/api.(*ProductService).ParsePage","[MESSAGE]":"Can't find another seler"}
{"[LEVEL]":"INFO","[TIME]":"2023-12-12T14:56:06.889+0400","[LINE]":"agent/agent.go:71","[CALLER]":"parsingWB/internal/agent.(*Agent).Run","[MESSAGE]":"{\"NmID\":23476862,\"Name\":\"Гель для кожи вокруг глаз Oliven, 15 мл\",\"Price\":889,\"SellerPrice\":[{\"Saller\":\"ПРОАПТЕКА / ВСЕ ДЛЯ ВАШЕГО ЗДОРОВЬЯ!\",\"Price\":1296},{\"Saller\":\"ДИСКОНТ-ЦЕНТР\",\"Price\":1551},{\"Saller\":\"Большой Универсальный Магазин\",\"Price\":1551}]}"}
{"[LEVEL]":"DEBUG","[TIME]":"2023-12-12T14:56:11.885+0400","[LINE]":"api/product.go:209","[CALLER]":"parsingWB/internal/api.(*ProductService).ParsePage","[MESSAGE]":"Can't find another seler"}
{"[LEVEL]":"DEBUG","[TIME]":"2023-12-12T14:56:16.904+0400","[LINE]":"api/product.go:209","[CALLER]":"parsingWB/internal/api.(*ProductService).ParsePage","[MESSAGE]":"Can't find another seler"}
{"[LEVEL]":"DEBUG","[TIME]":"2023-12-12T14:56:21.905+0400","[LINE]":"api/product.go:209","[CALLER]":"parsingWB/internal/api.(*ProductService).ParsePage","[MESSAGE]":"Can't find another seler"}
{"[LEVEL]":"DEBUG","[TIME]":"2023-12-12T14:56:26.955+0400","[LINE]":"api/product.go:209","[CALLER]":"parsingWB/internal/api.(*ProductService).ParsePage","[MESSAGE]":"Can't find another seler"}
{"[LEVEL]":"DEBUG","[TIME]":"2023-12-12T14:56:31.987+0400","[LINE]":"api/product.go:209","[CALLER]":"parsingWB/internal/api.(*ProductService).ParsePage","[MESSAGE]":"Can't find another seler"}
{"[LEVEL]":"INFO","[TIME]":"2023-12-12T14:56:37.083+0400","[LINE]":"agent/agent.go:71","[CALLER]":"parsingWB/internal/agent.(*Agent).Run","[MESSAGE]":"{\"NmID\":140982938,\"Name\":\"Extra soft, желтый цвет\",\"Price\":226,\"SellerPrice\":[{\"Saller\":\"ПРОАПТЕКА / ВСЕ ДЛЯ ВАШЕГО ЗДОРОВЬЯ!\",\"Price\":380}]}"}
{"[LEVEL]":"DEBUG","[TIME]":"2023-12-12T14:56:42.052+0400","[LINE]":"api/product.go:209","[CALLER]":"parsingWB/internal/api.(*ProductService).ParsePage","[MESSAGE]":"Can't find another seler"}
{"[LEVEL]":"DEBUG","[TIME]":"2023-12-12T14:56:47.065+0400","[LINE]":"api/product.go:209","[CALLER]":"parsingWB/internal/api.(*ProductService).ParsePage","[MESSAGE]":"Can't find another seler"}
{"[LEVEL]":"DEBUG","[TIME]":"2023-12-12T14:56:52.076+0400","[LINE]":"api/product.go:209","[CALLER]":"parsingWB/internal/api.(*ProductService).ParsePage","[MESSAGE]":"Can't find another seler"}
{"[LEVEL]":"DEBUG","[TIME]":"2023-12-12T14:56:57.109+0400","[LINE]":"api/product.go:209","[CALLER]":"parsingWB/internal/api.(*ProductService).ParsePage","[MESSAGE]":"Can't find another seler"}
{"[LEVEL]":"DEBUG","[TIME]":"2023-12-12T14:57:02.121+0400","[LINE]":"api/product.go:209","[CALLER]":"parsingWB/internal/api.(*ProductService).ParsePage","[MESSAGE]":"Can't find another seler"}
{"[LEVEL]":"DEBUG","[TIME]":"2023-12-12T14:57:07.136+0400","[LINE]":"api/product.go:209","[CALLER]":"parsingWB/internal/api.(*ProductService).ParsePage","[MESSAGE]":"Can't find another seler"}
{"[LEVEL]":"DEBUG","[TIME]":"2023-12-12T14:57:12.194+0400","[LINE]":"api/product.go:209","[CALLER]":"parsingWB/internal/api.(*ProductService).ParsePage","[MESSAGE]":"Can't find another seler"}
{"[LEVEL]":"DEBUG","[TIME]":"2023-12-12T14:57:17.232+0400","[LINE]":"api/product.go:209","[CALLER]":"parsingWB/internal/api.(*ProductService).ParsePage","[MESSAGE]":"Can't find another seler"}
{"[LEVEL]":"ERROR","[TIME]":"2023-12-12T14:57:17.284+0400","[LINE]":"api/product.go:101","[CALLER]":"parsingWB/internal/api.(*ProductService).PostPagination","[MESSAGE]":"Can't do http request%!(EXTRA string=POST https://suppliers-api.wildberries.ru/content/v1/cards/cursor/list giving up after 1 attempt(s): context canceled)"}
{"[LEVEL]":"ERROR","[TIME]":"2023-12-12T14:57:17.285+0400","[LINE]":"agent/agent.go:60","[CALLER]":"parsingWB/internal/agent.(*Agent).Run","[MESSAGE]":"Error post query"}
